<?xml version="1.0" encoding="UTF-8"?>
<!-- Generated by org.testng.reporters.JUnitReportReporter -->
<testsuite skipped="0" hostname="DESKTOP-F5BRIJ9" name="com.test.UserTest" tests="1" failures="0" timestamp="2022-12-12T12:46:18 IST" time="16.503" errors="0">
  <testcase name="toVerifyThatAlertIsAccepted" time="16.503" classname="com.test.UserTest"/>
  <system-out/>
</testsuite> <!-- com.test.UserTest -->
