<?xml version="1.0" encoding="UTF-8"?>
<!-- Generated by org.testng.reporters.JUnitReportReporter -->
<testsuite skipped="0" hostname="DESKTOP-F5BRIJ9" name="com.test.LogoutTest" tests="4" failures="0" timestamp="2022-12-08T13:18:06 IST" time="91.968" errors="0">
  <testcase name="toVerifyTheFooter" time="22.808" classname="com.test.LogoutTest"/>
  <system-out/>
  <testcase name="toVerifyTheHeader" time="22.843" classname="com.test.LogoutTest"/>
  <system-out/>
  <testcase name="toVerifyTheSpellOfKiranIsOnline" time="23.008" classname="com.test.LogoutTest"/>
  <system-out/>
  <testcase name="toVerifyTheSpellOfMainNavigation" time="23.309" classname="com.test.LogoutTest"/>
  <system-out/>
</testsuite> <!-- com.test.LogoutTest -->
