<?xml version="1.0" encoding="UTF-8"?>
<!-- Generated by org.testng.reporters.JUnitReportReporter -->
<testsuite skipped="0" hostname="DESKTOP-F5BRIJ9" name="com.test.UsefulLinksTest" tests="5" failures="0" timestamp="2022-12-08T13:18:06 IST" time="53.749" errors="0">
  <testcase name="toVerifyThatAllContentsElementDisplay" time="7.144" classname="com.test.UsefulLinksTest"/>
  <system-out/>
  <testcase name="toVerifyThatWholeTableElementDisplay" time="7.534" classname="com.test.UsefulLinksTest"/>
  <system-out/>
  <testcase name="toVerifyThatDriverSwitchToScheduleLink" time="25.068" classname="com.test.UsefulLinksTest"/>
  <system-out/>
  <testcase name="toVerifyThatCountOfTableElement" time="6.819" classname="com.test.UsefulLinksTest"/>
  <system-out/>
  <testcase name="toVerifyThatToCheckOutSpellingOfInternetRequired" time="7.184" classname="com.test.UsefulLinksTest"/>
  <system-out/>
</testsuite> <!-- com.test.UsefulLinksTest -->
