<?xml version="1.0" encoding="UTF-8"?>
<!-- Generated by org.testng.reporters.JUnitReportReporter -->
<testsuite skipped="0" hostname="DESKTOP-F5BRIJ9" name="com.test.LoginTest" tests="5" failures="0" timestamp="2022-12-08T13:18:06 IST" time="42.576" errors="0">
  <testcase name="verifyTheLogingWithValidCredentials" time="8.318" classname="com.test.LoginTest"/>
  <system-out/>
  <testcase name="verifyTheLogingWithInValidEmailCredentials" time="4.633" classname="com.test.LoginTest"/>
  <system-out/>
  <testcase name="verifyTheLogingWithInValidPasswordCredentials" time="20.593" classname="com.test.LoginTest"/>
  <system-out/>
  <testcase name="verifyTheLogingWithInValidCredentials" time="4.603" classname="com.test.LoginTest"/>
  <system-out/>
  <testcase name="verifyTheLogingWithBlankCredentials" time="4.429" classname="com.test.LoginTest"/>
  <system-out/>
</testsuite> <!-- com.test.LoginTest -->
