<?xml version="1.0" encoding="UTF-8"?>
<!-- Generated by org.testng.reporters.JUnitReportReporter -->
<testsuite skipped="0" hostname="DESKTOP-F5BRIJ9" name="com.test.DashboardTest" tests="1" failures="0" timestamp="2022-12-12T18:28:42 IST" time="29.266" errors="0">
  <testcase name="verifyThatAllCources" time="29.266" classname="com.test.DashboardTest"/>
  <system-out/>
</testsuite> <!-- com.test.DashboardTest -->
