<?xml version="1.0" encoding="UTF-8"?>
<!-- Generated by org.testng.reporters.JUnitReportReporter -->
<testsuite skipped="0" hostname="DESKTOP-F5BRIJ9" name="com.test.OperatorsTest" tests="5" failures="0" timestamp="2022-12-08T13:18:06 IST" time="52.455" errors="0">
  <testcase name="toVerifyThatAllHeaders" time="7.329" classname="com.test.OperatorsTest"/>
  <system-out/>
  <testcase name="toVerifyThatCountOfTableData" time="7.126" classname="com.test.OperatorsTest"/>
  <system-out/>
  <testcase name="toVerifyThatTableContainingElement" time="7.518" classname="com.test.OperatorsTest"/>
  <system-out/>
  <testcase name="toVerifyThatWhatsAppUserOnly" time="7.252" classname="com.test.OperatorsTest"/>
  <system-out/>
  <testcase name="toVerifyThatTechnicalPersonName" time="23.230" classname="com.test.OperatorsTest"/>
  <system-out/>
</testsuite> <!-- com.test.OperatorsTest -->
