<?xml version="1.0" encoding="UTF-8"?>
<!-- Generated by org.testng.reporters.JUnitReportReporter -->
<testsuite skipped="0" hostname="DESKTOP-F5BRIJ9" name="com.test.DashboardTest" tests="5" failures="0" timestamp="2022-12-08T13:18:06 IST" time="99.430" errors="0">
  <testcase name="verifyThatAllCources" time="22.949" classname="com.test.DashboardTest"/>
  <system-out/>
  <testcase name="verifyThatAllCourcesDetails" time="23.021" classname="com.test.DashboardTest"/>
  <system-out/>
  <testcase name="verifyThatPythonMoreInformation" time="7.652" classname="com.test.DashboardTest"/>
  <system-out/>
  <testcase name="verifyThatAquaBoxContainsAutomationCourse" time="22.806" classname="com.test.DashboardTest"/>
  <system-out/>
  <testcase name="verifyThatColoroOfGreenBox" time="23.002" classname="com.test.DashboardTest"/>
  <system-out/>
</testsuite> <!-- com.test.DashboardTest -->
