<?xml version="1.0" encoding="UTF-8"?>
<!-- Generated by org.testng.reporters.JUnitReportReporter -->
<testsuite skipped="0" hostname="DESKTOP-F5BRIJ9" name="com.test.DownloadsTest" tests="5" failures="0" timestamp="2022-12-08T13:18:06 IST" time="86.662" errors="0">
  <testcase name="toVerifyThatCountOfTableElement" time="7.311" classname="com.test.DownloadsTest"/>
  <system-out/>
  <testcase name="toVerifyThatCountOfTableRowNumber" time="23.388" classname="com.test.DownloadsTest"/>
  <system-out/>
  <testcase name="toVerifyThatVendorContainsElementJDK" time="23.425" classname="com.test.DownloadsTest"/>
  <system-out/>
  <testcase name="toVerifyThatDriverSwitchToStandaloneJar" time="9.306" classname="com.test.DownloadsTest"/>
  <system-out/>
  <testcase name="toVerifyThatCountOfToolColumnElement" time="23.232" classname="com.test.DownloadsTest"/>
  <system-out/>
</testsuite> <!-- com.test.DownloadsTest -->
