<?xml version="1.0" encoding="UTF-8"?>
<!-- Generated by org.testng.reporters.JUnitReportReporter -->
<testsuite skipped="0" hostname="DESKTOP-F5BRIJ9" name="com.test.UserTest" tests="5" failures="0" timestamp="2022-12-08T13:18:06 IST" time="41.914" errors="0">
  <testcase name="toVerifyThatMaharashtaStateUser" time="7.099" classname="com.test.UserTest"/>
  <system-out/>
  <testcase name="toVerifyThatOddmanGenderUser" time="7.228" classname="com.test.UserTest"/>
  <system-out/>
  <testcase name="toVerifyThatAlertIsAccepted" time="13.321" classname="com.test.UserTest"/>
  <system-out/>
  <testcase name="toVerifyThatTenDigitMobileNumberUser" time="7.247" classname="com.test.UserTest"/>
  <system-out/>
  <testcase name="toVerifyThatBackgroundColorOfAddUser" time="7.019" classname="com.test.UserTest"/>
  <system-out/>
</testsuite> <!-- com.test.UserTest -->
